This is pdfTeX, Version 3.141592653-2.6-1.40.24 (MiKTeX 22.3) (preloaded format=pdflatex 2022.7.10)  4 FEB 2023 23:00
entering extended mode
 restricted \write18 enabled.
 %&-line parsing enabled.
**./wisgie_is_m1_n_egzamin_prezentacja.tex
(wisgie_is_m1_n_egzamin_prezentacja.tex
LaTeX2e <2022-06-01> patch level 3
L3 programming layer <2022-06-16>
(C:\Users\pawel\AppData\Local\Programs\MiKTeX 2.9\tex/latex/beamer\beamer.cls
Document Class: beamer 2022/05/17 v3.67 A class for typesetting presentations

(C:\Users\pawel\AppData\Local\Programs\MiKTeX 2.9\tex/latex/beamer\beamerbasemo
des.sty
(C:\Users\pawel\AppData\Local\Programs\MiKTeX 2.9\tex/latex/etoolbox\etoolbox.s
ty
Package: etoolbox 2020/10/05 v2.5k e-TeX tools for LaTeX (JAW)
\etb@tempcnta=\count185
)
\beamer@tempbox=\box51
\beamer@tempcount=\count186
\c@beamerpauses=\count187

(C:\Users\pawel\AppData\Local\Programs\MiKTeX 2.9\tex/latex/beamer\beamerbasede
code.sty
\beamer@slideinframe=\count188
\beamer@minimum=\count189
\beamer@decode@box=\box52
)
\beamer@commentbox=\box53
\beamer@modecount=\count190
)
(C:\Users\pawel\AppData\Local\Programs\MiKTeX 2.9\tex/generic/iftex\iftex.sty
Package: iftex 2022/02/03 v1.0f TeX engine tests
)
\headdp=\dimen138
\footheight=\dimen139
\sidebarheight=\dimen140
\beamer@tempdim=\dimen141
\beamer@finalheight=\dimen142
\beamer@animht=\dimen143
\beamer@animdp=\dimen144
\beamer@animwd=\dimen145
\beamer@leftmargin=\dimen146
\beamer@rightmargin=\dimen147
\beamer@leftsidebar=\dimen148
\beamer@rightsidebar=\dimen149
\beamer@boxsize=\dimen150
\beamer@vboxoffset=\dimen151
\beamer@descdefault=\dimen152
\beamer@descriptionwidth=\dimen153
\beamer@lastskip=\skip47
\beamer@areabox=\box54
\beamer@animcurrent=\box55
\beamer@animshowbox=\box56
\beamer@sectionbox=\box57
\beamer@logobox=\box58
\beamer@linebox=\box59
\beamer@sectioncount=\count191
\beamer@subsubsectionmax=\count192
\beamer@subsectionmax=\count193
\beamer@sectionmax=\count194
\beamer@totalheads=\count195
\beamer@headcounter=\count196
\beamer@partstartpage=\count197
\beamer@sectionstartpage=\count198
\beamer@subsectionstartpage=\count199
\beamer@animationtempa=\count266
\beamer@animationtempb=\count267
\beamer@xpos=\count268
\beamer@ypos=\count269
\beamer@ypos@offset=\count270
\beamer@showpartnumber=\count271
\beamer@currentsubsection=\count272
\beamer@coveringdepth=\count273
\beamer@sectionadjust=\count274
\beamer@toclastsection=\count275
\beamer@tocsectionnumber=\count276

(C:\Users\pawel\AppData\Local\Programs\MiKTeX 2.9\tex/latex/beamer\beamerbaseop
tions.sty
(C:\Users\pawel\AppData\Local\Programs\MiKTeX 2.9\tex/latex/graphics\keyval.sty
Package: keyval 2022/05/29 v1.15 key=value parser (DPC)
\KV@toks@=\toks16
))
\beamer@paperwidth=\skip48
\beamer@paperheight=\skip49

(C:\Users\pawel\AppData\Local\Programs\MiKTeX 2.9\tex/latex/geometry\geometry.s
ty
Package: geometry 2020/01/02 v5.9 Page Geometry

(C:\Users\pawel\AppData\Local\Programs\MiKTeX 2.9\tex/generic/iftex\ifvtex.sty
Package: ifvtex 2019/10/25 v1.7 ifvtex legacy package. Use iftex instead.
)
\Gm@cnth=\count277
\Gm@cntv=\count278
\c@Gm@tempcnt=\count279
\Gm@bindingoffset=\dimen154
\Gm@wd@mp=\dimen155
\Gm@odd@mp=\dimen156
\Gm@even@mp=\dimen157
\Gm@layoutwidth=\dimen158
\Gm@layoutheight=\dimen159
\Gm@layouthoffset=\dimen160
\Gm@layoutvoffset=\dimen161
\Gm@dimlist=\toks17

(C:\Users\pawel\AppData\Local\Programs\MiKTeX 2.9\tex/latex/geometry\geometry.c
fg))
(C:\Users\pawel\AppData\Local\Programs\MiKTeX 2.9\tex/latex/pgf/math\pgfmath.st
y
(C:\Users\pawel\AppData\Local\Programs\MiKTeX 2.9\tex/latex/pgf/utilities\pgfrc
s.sty
(C:\Users\pawel\AppData\Local\Programs\MiKTeX 2.9\tex/generic/pgf/utilities\pgf
util-common.tex
\pgfutil@everybye=\toks18
\pgfutil@tempdima=\dimen162
\pgfutil@tempdimb=\dimen163

(C:\Users\pawel\AppData\Local\Programs\MiKTeX 2.9\tex/generic/pgf/utilities\pgf
util-common-lists.tex))
(C:\Users\pawel\AppData\Local\Programs\MiKTeX 2.9\tex/generic/pgf/utilities\pgf
util-latex.def
\pgfutil@abb=\box60
)
(C:\Users\pawel\AppData\Local\Programs\MiKTeX 2.9\tex/generic/pgf/utilities\pgf
rcs.code.tex
(C:\Users\pawel\AppData\Local\Programs\MiKTeX 2.9\tex/generic/pgf\pgf.revision.
tex)
Package: pgfrcs 2021/05/15 v3.1.9a (3.1.9a)
))
(C:\Users\pawel\AppData\Local\Programs\MiKTeX 2.9\tex/latex/pgf/utilities\pgfke
ys.sty
(C:\Users\pawel\AppData\Local\Programs\MiKTeX 2.9\tex/generic/pgf/utilities\pgf
keys.code.tex
\pgfkeys@pathtoks=\toks19
\pgfkeys@temptoks=\toks20

(C:\Users\pawel\AppData\Local\Programs\MiKTeX 2.9\tex/generic/pgf/utilities\pgf
keysfiltered.code.tex
\pgfkeys@tmptoks=\toks21
)))
(C:\Users\pawel\AppData\Local\Programs\MiKTeX 2.9\tex/generic/pgf/math\pgfmath.
code.tex
(C:\Users\pawel\AppData\Local\Programs\MiKTeX 2.9\tex/generic/pgf/math\pgfmathc
alc.code.tex
(C:\Users\pawel\AppData\Local\Programs\MiKTeX 2.9\tex/generic/pgf/math\pgfmathu
til.code.tex
\pgf@x=\dimen164
\pgf@xa=\dimen165
\pgf@xb=\dimen166
\pgf@xc=\dimen167
\pgf@y=\dimen168
\pgf@ya=\dimen169
\pgf@yb=\dimen170
\pgf@yc=\dimen171
\c@pgf@counta=\count280
\c@pgf@countb=\count281
\c@pgf@countc=\count282
\c@pgf@countd=\count283
)
(C:\Users\pawel\AppData\Local\Programs\MiKTeX 2.9\tex/generic/pgf/math\pgfmathp
arser.code.tex
\pgfmath@dimen=\dimen172
\pgfmath@count=\count284
\pgfmath@box=\box61
\pgfmath@toks=\toks22
\pgfmath@stack@operand=\toks23
\pgfmath@stack@operation=\toks24
)
(C:\Users\pawel\AppData\Local\Programs\MiKTeX 2.9\tex/generic/pgf/math\pgfmathf
unctions.code.tex
(C:\Users\pawel\AppData\Local\Programs\MiKTeX 2.9\tex/generic/pgf/math\pgfmathf
unctions.basic.code.tex)
(C:\Users\pawel\AppData\Local\Programs\MiKTeX 2.9\tex/generic/pgf/math\pgfmathf
unctions.trigonometric.code.tex)
(C:\Users\pawel\AppData\Local\Programs\MiKTeX 2.9\tex/generic/pgf/math\pgfmathf
unctions.random.code.tex)
(C:\Users\pawel\AppData\Local\Programs\MiKTeX 2.9\tex/generic/pgf/math\pgfmathf
unctions.comparison.code.tex)
(C:\Users\pawel\AppData\Local\Programs\MiKTeX 2.9\tex/generic/pgf/math\pgfmathf
unctions.base.code.tex)
(C:\Users\pawel\AppData\Local\Programs\MiKTeX 2.9\tex/generic/pgf/math\pgfmathf
unctions.round.code.tex)
(C:\Users\pawel\AppData\Local\Programs\MiKTeX 2.9\tex/generic/pgf/math\pgfmathf
unctions.misc.code.tex)
(C:\Users\pawel\AppData\Local\Programs\MiKTeX 2.9\tex/generic/pgf/math\pgfmathf
unctions.integerarithmetics.code.tex)))
(C:\Users\pawel\AppData\Local\Programs\MiKTeX 2.9\tex/generic/pgf/math\pgfmathf
loat.code.tex
\c@pgfmathroundto@lastzeros=\count285
)))
(C:\Users\pawel\AppData\Local\Programs\MiKTeX 2.9\tex/latex/base\size11.clo
File: size11.clo 2021/10/04 v1.4n Standard LaTeX file (size option)
)
(C:\Users\pawel\AppData\Local\Programs\MiKTeX 2.9\tex/latex/pgf/basiclayer\pgfc
ore.sty
(C:\Users\pawel\AppData\Local\Programs\MiKTeX 2.9\tex/latex/graphics\graphicx.s
ty
Package: graphicx 2021/09/16 v1.2d Enhanced LaTeX Graphics (DPC,SPQR)

(C:\Users\pawel\AppData\Local\Programs\MiKTeX 2.9\tex/latex/graphics\graphics.s
ty
Package: graphics 2022/03/10 v1.4e Standard LaTeX Graphics (DPC,SPQR)

(C:\Users\pawel\AppData\Local\Programs\MiKTeX 2.9\tex/latex/graphics\trig.sty
Package: trig 2021/08/11 v1.11 sin cos tan (DPC)
)
(C:\Users\pawel\AppData\Local\Programs\MiKTeX 2.9\tex/latex/graphics-cfg\graphi
cs.cfg
File: graphics.cfg 2016/06/04 v1.11 sample graphics configuration
)
Package graphics Info: Driver file: pdftex.def on input line 107.

(C:\Users\pawel\AppData\Local\Programs\MiKTeX 2.9\tex/latex/graphics-def\pdftex
.def
File: pdftex.def 2020/10/05 v1.2a Graphics/color driver for pdftex
))
\Gin@req@height=\dimen173
\Gin@req@width=\dimen174
)
(C:\Users\pawel\AppData\Local\Programs\MiKTeX 2.9\tex/latex/pgf/systemlayer\pgf
sys.sty
(C:\Users\pawel\AppData\Local\Programs\MiKTeX 2.9\tex/generic/pgf/systemlayer\p
gfsys.code.tex
Package: pgfsys 2021/05/15 v3.1.9a (3.1.9a)

(C:\Users\pawel\AppData\Local\Programs\MiKTeX 2.9\tex/generic/pgf/utilities\pgf
keys.code.tex)
\pgf@x=\dimen175
\pgf@y=\dimen176
\pgf@xa=\dimen177
\pgf@ya=\dimen178
\pgf@xb=\dimen179
\pgf@yb=\dimen180
\pgf@xc=\dimen181
\pgf@yc=\dimen182
\pgf@xd=\dimen183
\pgf@yd=\dimen184
\w@pgf@writea=\write3
\r@pgf@reada=\read2
\c@pgf@counta=\count286
\c@pgf@countb=\count287
\c@pgf@countc=\count288
\c@pgf@countd=\count289
\t@pgf@toka=\toks25
\t@pgf@tokb=\toks26
\t@pgf@tokc=\toks27
\pgf@sys@id@count=\count290

(C:\Users\pawel\AppData\Local\Programs\MiKTeX 2.9\tex/generic/pgf/systemlayer\p
gf.cfg
File: pgf.cfg 2021/05/15 v3.1.9a (3.1.9a)
)
Driver file for pgf: pgfsys-pdftex.def

(C:\Users\pawel\AppData\Local\Programs\MiKTeX 2.9\tex/generic/pgf/systemlayer\p
gfsys-pdftex.def
File: pgfsys-pdftex.def 2021/05/15 v3.1.9a (3.1.9a)

(C:\Users\pawel\AppData\Local\Programs\MiKTeX 2.9\tex/generic/pgf/systemlayer\p
gfsys-common-pdf.def
File: pgfsys-common-pdf.def 2021/05/15 v3.1.9a (3.1.9a)
)))
(C:\Users\pawel\AppData\Local\Programs\MiKTeX 2.9\tex/generic/pgf/systemlayer\p
gfsyssoftpath.code.tex
File: pgfsyssoftpath.code.tex 2021/05/15 v3.1.9a (3.1.9a)
\pgfsyssoftpath@smallbuffer@items=\count291
\pgfsyssoftpath@bigbuffer@items=\count292
)
(C:\Users\pawel\AppData\Local\Programs\MiKTeX 2.9\tex/generic/pgf/systemlayer\p
gfsysprotocol.code.tex
File: pgfsysprotocol.code.tex 2021/05/15 v3.1.9a (3.1.9a)
))
(C:\Users\pawel\AppData\Local\Programs\MiKTeX 2.9\tex/latex/xcolor\xcolor.sty
Package: xcolor 2022/06/12 v2.14 LaTeX color extensions (UK)

(C:\Users\pawel\AppData\Local\Programs\MiKTeX 2.9\tex/latex/graphics-cfg\color.
cfg
File: color.cfg 2016/01/02 v1.6 sample color configuration
)
Package xcolor Info: Driver file: pdftex.def on input line 227.

(C:\Users\pawel\AppData\Local\Programs\MiKTeX 2.9\tex/latex-dev/graphics\mathco
lor.ltx)
Package xcolor Info: Model `cmy' substituted by `cmy0' on input line 1353.
Package xcolor Info: Model `hsb' substituted by `rgb' on input line 1357.
Package xcolor Info: Model `RGB' extended on input line 1369.
Package xcolor Info: Model `HTML' substituted by `rgb' on input line 1371.
Package xcolor Info: Model `Hsb' substituted by `hsb' on input line 1372.
Package xcolor Info: Model `tHsb' substituted by `hsb' on input line 1373.
Package xcolor Info: Model `HSB' substituted by `hsb' on input line 1374.
Package xcolor Info: Model `Gray' substituted by `gray' on input line 1375.
Package xcolor Info: Model `wave' substituted by `hsb' on input line 1376.
)
(C:\Users\pawel\AppData\Local\Programs\MiKTeX 2.9\tex/generic/pgf/basiclayer\pg
fcore.code.tex
Package: pgfcore 2021/05/15 v3.1.9a (3.1.9a)

(C:\Users\pawel\AppData\Local\Programs\MiKTeX 2.9\tex/generic/pgf/math\pgfmath.
code.tex)
(C:\Users\pawel\AppData\Local\Programs\MiKTeX 2.9\tex/generic/pgf/math\pgfint.c
ode.tex)
(C:\Users\pawel\AppData\Local\Programs\MiKTeX 2.9\tex/generic/pgf/basiclayer\pg
fcorepoints.code.tex
File: pgfcorepoints.code.tex 2021/05/15 v3.1.9a (3.1.9a)
\pgf@picminx=\dimen185
\pgf@picmaxx=\dimen186
\pgf@picminy=\dimen187
\pgf@picmaxy=\dimen188
\pgf@pathminx=\dimen189
\pgf@pathmaxx=\dimen190
\pgf@pathminy=\dimen191
\pgf@pathmaxy=\dimen192
\pgf@xx=\dimen193
\pgf@xy=\dimen194
\pgf@yx=\dimen195
\pgf@yy=\dimen196
\pgf@zx=\dimen197
\pgf@zy=\dimen198
)
(C:\Users\pawel\AppData\Local\Programs\MiKTeX 2.9\tex/generic/pgf/basiclayer\pg
fcorepathconstruct.code.tex
File: pgfcorepathconstruct.code.tex 2021/05/15 v3.1.9a (3.1.9a)
\pgf@path@lastx=\dimen199
\pgf@path@lasty=\dimen256
)
(C:\Users\pawel\AppData\Local\Programs\MiKTeX 2.9\tex/generic/pgf/basiclayer\pg
fcorepathusage.code.tex
File: pgfcorepathusage.code.tex 2021/05/15 v3.1.9a (3.1.9a)
\pgf@shorten@end@additional=\dimen257
\pgf@shorten@start@additional=\dimen258
)
(C:\Users\pawel\AppData\Local\Programs\MiKTeX 2.9\tex/generic/pgf/basiclayer\pg
fcorescopes.code.tex
File: pgfcorescopes.code.tex 2021/05/15 v3.1.9a (3.1.9a)
\pgfpic=\box62
\pgf@hbox=\box63
\pgf@layerbox@main=\box64
\pgf@picture@serial@count=\count293
)
(C:\Users\pawel\AppData\Local\Programs\MiKTeX 2.9\tex/generic/pgf/basiclayer\pg
fcoregraphicstate.code.tex
File: pgfcoregraphicstate.code.tex 2021/05/15 v3.1.9a (3.1.9a)
\pgflinewidth=\dimen259
)
(C:\Users\pawel\AppData\Local\Programs\MiKTeX 2.9\tex/generic/pgf/basiclayer\pg
fcoretransformations.code.tex
File: pgfcoretransformations.code.tex 2021/05/15 v3.1.9a (3.1.9a)
\pgf@pt@x=\dimen260
\pgf@pt@y=\dimen261
\pgf@pt@temp=\dimen262
)
(C:\Users\pawel\AppData\Local\Programs\MiKTeX 2.9\tex/generic/pgf/basiclayer\pg
fcorequick.code.tex
File: pgfcorequick.code.tex 2021/05/15 v3.1.9a (3.1.9a)
)
(C:\Users\pawel\AppData\Local\Programs\MiKTeX 2.9\tex/generic/pgf/basiclayer\pg
fcoreobjects.code.tex
File: pgfcoreobjects.code.tex 2021/05/15 v3.1.9a (3.1.9a)
)
(C:\Users\pawel\AppData\Local\Programs\MiKTeX 2.9\tex/generic/pgf/basiclayer\pg
fcorepathprocessing.code.tex
File: pgfcorepathprocessing.code.tex 2021/05/15 v3.1.9a (3.1.9a)
)
(C:\Users\pawel\AppData\Local\Programs\MiKTeX 2.9\tex/generic/pgf/basiclayer\pg
fcorearrows.code.tex
File: pgfcorearrows.code.tex 2021/05/15 v3.1.9a (3.1.9a)
\pgfarrowsep=\dimen263
)
(C:\Users\pawel\AppData\Local\Programs\MiKTeX 2.9\tex/generic/pgf/basiclayer\pg
fcoreshade.code.tex
File: pgfcoreshade.code.tex 2021/05/15 v3.1.9a (3.1.9a)
\pgf@max=\dimen264
\pgf@sys@shading@range@num=\count294
\pgf@shadingcount=\count295
)
(C:\Users\pawel\AppData\Local\Programs\MiKTeX 2.9\tex/generic/pgf/basiclayer\pg
fcoreimage.code.tex
File: pgfcoreimage.code.tex 2021/05/15 v3.1.9a (3.1.9a)

(C:\Users\pawel\AppData\Local\Programs\MiKTeX 2.9\tex/generic/pgf/basiclayer\pg
fcoreexternal.code.tex
File: pgfcoreexternal.code.tex 2021/05/15 v3.1.9a (3.1.9a)
\pgfexternal@startupbox=\box65
))
(C:\Users\pawel\AppData\Local\Programs\MiKTeX 2.9\tex/generic/pgf/basiclayer\pg
fcorelayers.code.tex
File: pgfcorelayers.code.tex 2021/05/15 v3.1.9a (3.1.9a)
)
(C:\Users\pawel\AppData\Local\Programs\MiKTeX 2.9\tex/generic/pgf/basiclayer\pg
fcoretransparency.code.tex
File: pgfcoretransparency.code.tex 2021/05/15 v3.1.9a (3.1.9a)
)
(C:\Users\pawel\AppData\Local\Programs\MiKTeX 2.9\tex/generic/pgf/basiclayer\pg
fcorepatterns.code.tex
File: pgfcorepatterns.code.tex 2021/05/15 v3.1.9a (3.1.9a)
)
(C:\Users\pawel\AppData\Local\Programs\MiKTeX 2.9\tex/generic/pgf/basiclayer\pg
fcorerdf.code.tex
File: pgfcorerdf.code.tex 2021/05/15 v3.1.9a (3.1.9a)
)))
(C:\Users\pawel\AppData\Local\Programs\MiKTeX 2.9\tex/latex/pgf/utilities\xxcol
or.sty
Package: xxcolor 2003/10/24 ver 0.1
\XC@nummixins=\count296
\XC@countmixins=\count297
)
(C:\Users\pawel\AppData\Local\Programs\MiKTeX 2.9\tex/latex/base\atbegshi-ltx.s
ty
Package: atbegshi-ltx 2021/01/10 v1.0c Emulation of the original atbegshi
package with kernel methods
)
(C:\Users\pawel\AppData\Local\Programs\MiKTeX 2.9\tex/latex/hyperref\hyperref.s
ty
Package: hyperref 2022-06-20 v7.00s Hypertext links for LaTeX

(C:\Users\pawel\AppData\Local\Programs\MiKTeX 2.9\tex/generic/ltxcmds\ltxcmds.s
ty
Package: ltxcmds 2020-05-10 v1.25 LaTeX kernel commands for general use (HO)
)
(C:\Users\pawel\AppData\Local\Programs\MiKTeX 2.9\tex/generic/pdftexcmds\pdftex
cmds.sty
Package: pdftexcmds 2020-06-27 v0.33 Utility functions of pdfTeX for LuaTeX (HO
)

(C:\Users\pawel\AppData\Local\Programs\MiKTeX 2.9\tex/generic/infwarerr\infware
rr.sty
Package: infwarerr 2019/12/03 v1.5 Providing info/warning/error messages (HO)
)
Package pdftexcmds Info: \pdf@primitive is available.
Package pdftexcmds Info: \pdf@ifprimitive is available.
Package pdftexcmds Info: \pdfdraftmode found.
)
(C:\Users\pawel\AppData\Local\Programs\MiKTeX 2.9\tex/generic/kvsetkeys\kvsetke
ys.sty
Package: kvsetkeys 2019/12/15 v1.18 Key value parser (HO)
)
(C:\Users\pawel\AppData\Local\Programs\MiKTeX 2.9\tex/generic/kvdefinekeys\kvde
finekeys.sty
Package: kvdefinekeys 2019-12-19 v1.6 Define keys (HO)
)
(C:\Users\pawel\AppData\Local\Programs\MiKTeX 2.9\tex/generic/pdfescape\pdfesca
pe.sty
Package: pdfescape 2019/12/09 v1.15 Implements pdfTeX's escape features (HO)
)
(C:\Users\pawel\AppData\Local\Programs\MiKTeX 2.9\tex/latex/hycolor\hycolor.sty
Package: hycolor 2020-01-27 v1.10 Color options for hyperref/bookmark (HO)
)
(C:\Users\pawel\AppData\Local\Programs\MiKTeX 2.9\tex/latex/letltxmacro\letltxm
acro.sty
Package: letltxmacro 2019/12/03 v1.6 Let assignment for LaTeX macros (HO)
)
(C:\Users\pawel\AppData\Local\Programs\MiKTeX 2.9\tex/latex/auxhook\auxhook.sty
Package: auxhook 2019-12-17 v1.6 Hooks for auxiliary files (HO)
)
(C:\Users\pawel\AppData\Local\Programs\MiKTeX 2.9\tex/latex/hyperref\nameref.st
y
Package: nameref 2022-05-17 v2.50 Cross-referencing by name of section

(C:\Users\pawel\AppData\Local\Programs\MiKTeX 2.9\tex/latex/refcount\refcount.s
ty
Package: refcount 2019/12/15 v3.6 Data extraction from label references (HO)
)
(C:\Users\pawel\AppData\Local\Programs\MiKTeX 2.9\tex/generic/gettitlestring\ge
ttitlestring.sty
Package: gettitlestring 2019/12/15 v1.6 Cleanup title references (HO)

(C:\Users\pawel\AppData\Local\Programs\MiKTeX 2.9\tex/latex/kvoptions\kvoptions
.sty
Package: kvoptions 2022-06-15 v3.15 Key value format for package options (HO)
))
\c@section@level=\count298
)
\@linkdim=\dimen265
\Hy@linkcounter=\count299
\Hy@pagecounter=\count300

(C:\Users\pawel\AppData\Local\Programs\MiKTeX 2.9\tex/latex/hyperref\pd1enc.def
File: pd1enc.def 2022-06-20 v7.00s Hyperref: PDFDocEncoding definition (HO)
Now handling font encoding PD1 ...
... no UTF-8 mapping file for font encoding PD1
)
(C:\Users\pawel\AppData\Local\Programs\MiKTeX 2.9\tex/generic/intcalc\intcalc.s
ty
Package: intcalc 2019/12/15 v1.3 Expandable calculations with integers (HO)
)
(C:\Users\pawel\AppData\Local\Programs\MiKTeX 2.9\tex/generic/etexcmds\etexcmds
.sty
Package: etexcmds 2019/12/15 v1.7 Avoid name clashes with e-TeX commands (HO)
)
\Hy@SavedSpaceFactor=\count301

(C:\Users\pawel\AppData\Local\Programs\MiKTeX 2.9\tex/latex/hyperref\puenc.def
File: puenc.def 2022-06-20 v7.00s Hyperref: PDF Unicode definition (HO)
Now handling font encoding PU ...
... no UTF-8 mapping file for font encoding PU
)
Package hyperref Info: Option `bookmarks' set `true' on input line 4045.
Package hyperref Info: Option `bookmarksopen' set `true' on input line 4045.
Package hyperref Info: Option `implicit' set `false' on input line 4045.
Package hyperref Info: Hyper figures OFF on input line 4162.
Package hyperref Info: Link nesting OFF on input line 4167.
Package hyperref Info: Hyper index ON on input line 4170.
Package hyperref Info: Plain pages OFF on input line 4177.
Package hyperref Info: Backreferencing OFF on input line 4182.
Package hyperref Info: Implicit mode OFF; no redefinition of LaTeX internals.
Package hyperref Info: Bookmarks ON on input line 4408.
\c@Hy@tempcnt=\count302
(C:\Users\pawel\AppData\Local\Programs\MiKTeX 2.9\tex/latex/url\url.sty
\Urlmuskip=\muskip16
Package: url 2013/09/16  ver 3.4  Verb mode for urls, etc.
)
LaTeX Info: Redefining \url on input line 4746.
\XeTeXLinkMargin=\dimen266

(C:\Users\pawel\AppData\Local\Programs\MiKTeX 2.9\tex/generic/bitset\bitset.sty
Package: bitset 2019/12/09 v1.3 Handle bit-vector datatype (HO)

(C:\Users\pawel\AppData\Local\Programs\MiKTeX 2.9\tex/generic/bigintcalc\bigint
calc.sty
Package: bigintcalc 2019/12/15 v1.5 Expandable calculations on big integers (HO
)
))
\Fld@menulength=\count303
\Field@Width=\dimen267
\Fld@charsize=\dimen268
Package hyperref Info: Hyper figures OFF on input line 6024.
Package hyperref Info: Link nesting OFF on input line 6029.
Package hyperref Info: Hyper index ON on input line 6032.
Package hyperref Info: backreferencing OFF on input line 6039.
Package hyperref Info: Link coloring OFF on input line 6044.
Package hyperref Info: Link coloring with OCG OFF on input line 6049.
Package hyperref Info: PDF/A mode OFF on input line 6054.
\Hy@abspage=\count304


Package hyperref Message: Stopped early.

)
Package hyperref Info: Driver (autodetected): hpdftex.

(C:\Users\pawel\AppData\Local\Programs\MiKTeX 2.9\tex/latex/hyperref\hpdftex.de
f
File: hpdftex.def 2022-06-20 v7.00s Hyperref driver for pdfTeX

(C:\Users\pawel\AppData\Local\Programs\MiKTeX 2.9\tex/latex/base\atveryend-ltx.
sty
Package: atveryend-ltx 2020/08/19 v1.0a Emulation of the original atveryend pac
kage
with kernel methods
)
\Fld@listcount=\count305
\c@bookmark@seq@number=\count306

(C:\Users\pawel\AppData\Local\Programs\MiKTeX 2.9\tex/latex/rerunfilecheck\reru
nfilecheck.sty
Package: rerunfilecheck 2019/12/05 v1.9 Rerun checks for auxiliary files (HO)

(C:\Users\pawel\AppData\Local\Programs\MiKTeX 2.9\tex/generic/uniquecounter\uni
quecounter.sty
Package: uniquecounter 2019/12/15 v1.4 Provide unlimited unique counter (HO)
)
Package uniquecounter Info: New unique counter `rerunfilecheck' on input line 2
86.
))
(C:\Users\pawel\AppData\Local\Programs\MiKTeX 2.9\tex/latex/beamer\beamerbasere
quires.sty
(C:\Users\pawel\AppData\Local\Programs\MiKTeX 2.9\tex/latex/beamer\beamerbaseco
mpatibility.sty)
(C:\Users\pawel\AppData\Local\Programs\MiKTeX 2.9\tex/latex/beamer\beamerbasefo
nt.sty
(C:\Users\pawel\AppData\Local\Programs\MiKTeX 2.9\tex/latex/amsfonts\amssymb.st
y
Package: amssymb 2013/01/14 v3.01 AMS font symbols

(C:\Users\pawel\AppData\Local\Programs\MiKTeX 2.9\tex/latex/amsfonts\amsfonts.s
ty
Package: amsfonts 2013/01/14 v3.01 Basic AMSFonts support
\@emptytoks=\toks28
\symAMSa=\mathgroup4
\symAMSb=\mathgroup5
LaTeX Font Info:    Redeclaring math symbol \hbar on input line 98.
LaTeX Font Info:    Overwriting math alphabet `\mathfrak' in version `bold'
(Font)                  U/euf/m/n --> U/euf/b/n on input line 106.
))
(C:\Users\pawel\AppData\Local\Programs\MiKTeX 2.9\tex/latex/sansmathaccent\sans
mathaccent.sty
Package: sansmathaccent 2020/01/31

(C:\Users\pawel\AppData\Local\Programs\MiKTeX 2.9\tex/latex/koma-script\scrlfil
e.sty
Package: scrlfile 2022/05/01 v3.36 KOMA-Script package (file load hooks)

(C:\Users\pawel\AppData\Local\Programs\MiKTeX 2.9\tex/latex/koma-script\scrlfil
e-hook.sty
Package: scrlfile-hook 2022/05/01 v3.36 KOMA-Script package (using LaTeX hooks)


(C:\Users\pawel\AppData\Local\Programs\MiKTeX 2.9\tex/latex/koma-script\scrlogo
.sty
Package: scrlogo 2022/05/01 v3.36 KOMA-Script package (logo)
)))))
(C:\Users\pawel\AppData\Local\Programs\MiKTeX 2.9\tex/latex/beamer\beamerbasetr
anslator.sty
(C:\Users\pawel\AppData\Local\Programs\MiKTeX 2.9\tex/latex/translator\translat
or.sty
Package: translator 2021-05-31 v1.12d Easy translation of strings in LaTeX
))
(C:\Users\pawel\AppData\Local\Programs\MiKTeX 2.9\tex/latex/beamer\beamerbasemi
sc.sty)
(C:\Users\pawel\AppData\Local\Programs\MiKTeX 2.9\tex/latex/beamer\beamerbasetw
oscreens.sty)
(C:\Users\pawel\AppData\Local\Programs\MiKTeX 2.9\tex/latex/beamer\beamerbaseov
erlay.sty
\beamer@argscount=\count307
\beamer@lastskipcover=\skip50
\beamer@trivlistdepth=\count308
)
(C:\Users\pawel\AppData\Local\Programs\MiKTeX 2.9\tex/latex/beamer\beamerbaseti
tle.sty)
(C:\Users\pawel\AppData\Local\Programs\MiKTeX 2.9\tex/latex/beamer\beamerbasese
ction.sty
\c@lecture=\count309
\c@part=\count310
\c@section=\count311
\c@subsection=\count312
\c@subsubsection=\count313
)
(C:\Users\pawel\AppData\Local\Programs\MiKTeX 2.9\tex/latex/beamer\beamerbasefr
ame.sty
\beamer@framebox=\box66
\beamer@frametitlebox=\box67
\beamer@zoombox=\box68
\beamer@zoomcount=\count314
\beamer@zoomframecount=\count315
\beamer@frametextheight=\dimen269
\c@subsectionslide=\count316
\beamer@frametopskip=\skip51
\beamer@framebottomskip=\skip52
\beamer@frametopskipautobreak=\skip53
\beamer@framebottomskipautobreak=\skip54
\beamer@envbody=\toks29
\framewidth=\dimen270
\c@framenumber=\count317
)
(C:\Users\pawel\AppData\Local\Programs\MiKTeX 2.9\tex/latex/beamer\beamerbaseve
rbatim.sty
\beamer@verbatimfileout=\write4
)
(C:\Users\pawel\AppData\Local\Programs\MiKTeX 2.9\tex/latex/beamer\beamerbasefr
amesize.sty
\beamer@splitbox=\box69
\beamer@autobreakcount=\count318
\beamer@autobreaklastheight=\dimen271
\beamer@frametitletoks=\toks30
\beamer@framesubtitletoks=\toks31
)
(C:\Users\pawel\AppData\Local\Programs\MiKTeX 2.9\tex/latex/beamer\beamerbasefr
amecomponents.sty
\beamer@footins=\box70
)
(C:\Users\pawel\AppData\Local\Programs\MiKTeX 2.9\tex/latex/beamer\beamerbaseco
lor.sty)
(C:\Users\pawel\AppData\Local\Programs\MiKTeX 2.9\tex/latex/beamer\beamerbaseno
tes.sty
\beamer@frameboxcopy=\box71
)
(C:\Users\pawel\AppData\Local\Programs\MiKTeX 2.9\tex/latex/beamer\beamerbaseto
c.sty)
(C:\Users\pawel\AppData\Local\Programs\MiKTeX 2.9\tex/latex/beamer\beamerbasete
mplates.sty
\beamer@sbttoks=\toks32

(C:\Users\pawel\AppData\Local\Programs\MiKTeX 2.9\tex/latex/beamer\beamerbaseau
xtemplates.sty
(C:\Users\pawel\AppData\Local\Programs\MiKTeX 2.9\tex/latex/beamer\beamerbasebo
xes.sty
\bmb@box=\box72
\bmb@colorbox=\box73
\bmb@boxwidth=\dimen272
\bmb@boxheight=\dimen273
\bmb@prevheight=\dimen274
\bmb@temp=\dimen275
\bmb@dima=\dimen276
\bmb@dimb=\dimen277
\bmb@prevheight=\dimen278
)
\beamer@blockheadheight=\dimen279
))
(C:\Users\pawel\AppData\Local\Programs\MiKTeX 2.9\tex/latex/beamer\beamerbaselo
calstructure.sty
(C:\Users\pawel\AppData\Local\Programs\MiKTeX 2.9\tex/latex/tools\enumerate.sty
Package: enumerate 2015/07/23 v3.00 enumerate extensions (DPC)
\@enLab=\toks33
)
\beamer@bibiconwidth=\skip55
\c@figure=\count319
\c@table=\count320
\abovecaptionskip=\skip56
\belowcaptionskip=\skip57
)
(C:\Users\pawel\AppData\Local\Programs\MiKTeX 2.9\tex/latex/beamer\beamerbasena
vigation.sty
\beamer@section@min@dim=\dimen280
)
(C:\Users\pawel\AppData\Local\Programs\MiKTeX 2.9\tex/latex/beamer\beamerbaseth
eorems.sty
(C:\Users\pawel\AppData\Local\Programs\MiKTeX 2.9\tex/latex/amsmath\amsmath.sty
Package: amsmath 2022/04/08 v2.17n AMS math features
\@mathmargin=\skip58
For additional information on amsmath, use the `?' option.

(C:\Users\pawel\AppData\Local\Programs\MiKTeX 2.9\tex/latex/amsmath\amstext.sty
Package: amstext 2021/08/26 v2.01 AMS text
(C:\Users\pawel\AppData\Local\Programs\MiKTeX 2.9\tex/latex/amsmath\amsgen.sty
File: amsgen.sty 1999/11/30 v2.0 generic functions
\@emptytoks=\toks34
\ex@=\dimen281
))
(C:\Users\pawel\AppData\Local\Programs\MiKTeX 2.9\tex/latex/amsmath\amsbsy.sty
Package: amsbsy 1999/11/29 v1.2d Bold Symbols
\pmbraise@=\dimen282
) (C:\Users\pawel\AppData\Local\Programs\MiKTeX 2.9\tex/latex/amsmath\amsopn.st
y
Package: amsopn 2022/04/08 v2.04 operator names
)
\inf@bad=\count321
LaTeX Info: Redefining \frac on input line 234.
\uproot@=\count322
\leftroot@=\count323
LaTeX Info: Redefining \overline on input line 399.
LaTeX Info: Redefining \colon on input line 410.
\classnum@=\count324
\DOTSCASE@=\count325
LaTeX Info: Redefining \ldots on input line 496.
LaTeX Info: Redefining \dots on input line 499.
LaTeX Info: Redefining \cdots on input line 620.
\Mathstrutbox@=\box74
\strutbox@=\box75
LaTeX Info: Redefining \big on input line 722.
LaTeX Info: Redefining \Big on input line 723.
LaTeX Info: Redefining \bigg on input line 724.
LaTeX Info: Redefining \Bigg on input line 725.
\big@size=\dimen283
LaTeX Font Info:    Redeclaring font encoding OML on input line 743.
LaTeX Font Info:    Redeclaring font encoding OMS on input line 744.
\macc@depth=\count326
LaTeX Info: Redefining \bmod on input line 905.
LaTeX Info: Redefining \pmod on input line 910.
LaTeX Info: Redefining \smash on input line 940.
LaTeX Info: Redefining \relbar on input line 970.
LaTeX Info: Redefining \Relbar on input line 971.
\c@MaxMatrixCols=\count327
\dotsspace@=\muskip17
\c@parentequation=\count328
\dspbrk@lvl=\count329
\tag@help=\toks35
\row@=\count330
\column@=\count331
\maxfields@=\count332
\andhelp@=\toks36
\eqnshift@=\dimen284
\alignsep@=\dimen285
\tagshift@=\dimen286
\tagwidth@=\dimen287
\totwidth@=\dimen288
\lineht@=\dimen289
\@envbody=\toks37
\multlinegap=\skip59
\multlinetaggap=\skip60
\mathdisplay@stack=\toks38
LaTeX Info: Redefining \[ on input line 2953.
LaTeX Info: Redefining \] on input line 2954.
)
(C:\Users\pawel\AppData\Local\Programs\MiKTeX 2.9\tex/latex/amscls\amsthm.sty
Package: amsthm 2020/05/29 v2.20.6
\thm@style=\toks39
\thm@bodyfont=\toks40
\thm@headfont=\toks41
\thm@notefont=\toks42
\thm@headpunct=\toks43
\thm@preskip=\skip61
\thm@postskip=\skip62
\thm@headsep=\skip63
\dth@everypar=\toks44
)
\c@theorem=\count333
)
(C:\Users\pawel\AppData\Local\Programs\MiKTeX 2.9\tex/latex/beamer\beamerbaseth
emes.sty))
(C:\Users\pawel\AppData\Local\Programs\MiKTeX 2.9\tex/latex/beamer\beamerthemed
efault.sty
(C:\Users\pawel\AppData\Local\Programs\MiKTeX 2.9\tex/latex/beamer\beamerfontth
emedefault.sty)
(C:\Users\pawel\AppData\Local\Programs\MiKTeX 2.9\tex/latex/beamer\beamercolort
hemedefault.sty)
(C:\Users\pawel\AppData\Local\Programs\MiKTeX 2.9\tex/latex/beamer\beamerinnert
hemedefault.sty
\beamer@dima=\dimen290
\beamer@dimb=\dimen291
)
(C:\Users\pawel\AppData\Local\Programs\MiKTeX 2.9\tex/latex/beamer\beameroutert
hemedefault.sty)))
(C:\Users\pawel\AppData\Local\Programs\MiKTeX 2.9\tex/latex/beamer\beamerthemeB
erlin.sty
(C:\Users\pawel\AppData\Local\Programs\MiKTeX 2.9\tex/latex/beamer\beameroutert
hememiniframes.sty)
(C:\Users\pawel\AppData\Local\Programs\MiKTeX 2.9\tex/latex/beamer\beamercolort
hemewhale.sty)
(C:\Users\pawel\AppData\Local\Programs\MiKTeX 2.9\tex/latex/beamer\beamercolort
hemeorchid.sty)
(C:\Users\pawel\AppData\Local\Programs\MiKTeX 2.9\tex/latex/beamer\beamerinnert
hemerectangles.sty))
(C:\Users\pawel\AppData\Local\Programs\MiKTeX 2.9\tex/latex/polski\polski.sty
Package: polski 2021/08/25 v1.3.6 Polish language package

   Switching to Polish text encoding and Polish maths fonts.
(C:\Users\pawel\AppData\Local\Programs\MiKTeX 2.9\tex/latex/base\ot4enc.def
File: ot4enc.def 2021/04/29 v2.0v Standard LaTeX file
Now handling font encoding OT4 ...
... no UTF-8 mapping file for font encoding OT4
)
LaTeX Font Info:    Trying to load font information for OT4+cmss on input line 
362.

(C:\Users\pawel\AppData\Local\Programs\MiKTeX 2.9\tex/latex/polski\ot4cmss.fd
File: ot4cmss.fd 2008/02/24 v1.2.1 Font defs for fonts PL (MW)
)
LaTeX Font Info:    Overwriting math alphabet `\mathbf' in version `normal'
(Font)                  OT1/cmr/bx/n --> OT4/cmr/bx/n on input line 362.
LaTeX Font Info:    Overwriting math alphabet `\mathsf' in version `normal'
(Font)                  OT1/cmss/m/n --> OT4/cmss/m/n on input line 362.
LaTeX Font Info:    Overwriting math alphabet `\mathit' in version `normal'
(Font)                  OT1/cmr/m/it --> OT4/cmr/m/it on input line 362.
LaTeX Font Info:    Overwriting math alphabet `\mathtt' in version `normal'
(Font)                  OT1/cmtt/m/n --> OT4/cmtt/m/n on input line 362.
LaTeX Font Info:    Overwriting math alphabet `\mathsf' in version `bold'
(Font)                  OT1/cmss/bx/n --> OT4/cmss/bx/n on input line 362.
LaTeX Font Info:    Overwriting math alphabet `\mathit' in version `bold'
(Font)                  OT1/cmr/bx/it --> OT4/cmr/bx/it on input line 362.
LaTeX Font Info:    Encoding `OT1' has changed to `OT4' for symbol font
(Font)              `operators' in the math version `normal' on input line 362.

LaTeX Font Info:    Overwriting symbol font `operators' in version `normal'
(Font)                  OT1/cmr/m/n --> OT4/cmr/m/n on input line 362.
LaTeX Font Info:    Overwriting symbol font `letters' in version `normal'
(Font)                  OML/cmm/m/it --> OML/plm/m/it on input line 362.
LaTeX Font Info:    Overwriting symbol font `symbols' in version `normal'
(Font)                  OMS/cmsy/m/n --> OMS/plsy/m/n on input line 362.
LaTeX Font Info:    Overwriting symbol font `largesymbols' in version `normal'
(Font)                  OMX/cmex/m/n --> OMX/plex/m/n on input line 362.
LaTeX Font Info:    Encoding `OT1' has changed to `OT4' for symbol font
(Font)              `operators' in the math version `bold' on input line 362.
LaTeX Font Info:    Overwriting symbol font `operators' in version `bold'
(Font)                  OT1/cmr/bx/n --> OT4/cmr/bx/n on input line 362.
LaTeX Font Info:    Overwriting symbol font `letters' in version `bold'
(Font)                  OML/cmm/b/it --> OML/plm/b/it on input line 362.
LaTeX Font Info:    Overwriting symbol font `symbols' in version `bold'
(Font)                  OMS/cmsy/b/n --> OMS/plsy/b/n on input line 362.
) (C:\Users\pawel\AppData\Local\Programs\MiKTeX 2.9\tex/latex/base\inputenc.sty
Package: inputenc 2021/02/14 v1.3d Input encoding file
\inpenc@prehook=\toks45
\inpenc@posthook=\toks46

(C:\Users\pawel\AppData\Local\Programs\MiKTeX 2.9\tex/latex/base\cp1250.def
File: cp1250.def 2021/02/14 v1.3d Input encoding file
))
(C:\Users\pawel\AppData\Local\Programs\MiKTeX 2.9\tex/latex/l3backend\l3backend
-pdftex.def
File: l3backend-pdftex.def 2022-04-20 L3 backend support: PDF output (pdfTeX)
\l__color_backend_stack_int=\count334
\l__pdf_internal_box=\box76
) (wisgie_is_m1_n_egzamin_prezentacja.aux)
\openout1 = `wisgie_is_m1_n_egzamin_prezentacja.aux'.

LaTeX Font Info:    Checking defaults for OML/cmm/m/it on input line 12.
LaTeX Font Info:    ... okay on input line 12.
LaTeX Font Info:    Checking defaults for OMS/cmsy/m/n on input line 12.
LaTeX Font Info:    ... okay on input line 12.
LaTeX Font Info:    Checking defaults for OT1/cmr/m/n on input line 12.
LaTeX Font Info:    ... okay on input line 12.
LaTeX Font Info:    Checking defaults for T1/cmr/m/n on input line 12.
LaTeX Font Info:    ... okay on input line 12.
LaTeX Font Info:    Checking defaults for TS1/cmr/m/n on input line 12.
LaTeX Font Info:    ... okay on input line 12.
LaTeX Font Info:    Checking defaults for OMX/cmex/m/n on input line 12.
LaTeX Font Info:    ... okay on input line 12.
LaTeX Font Info:    Checking defaults for U/cmr/m/n on input line 12.
LaTeX Font Info:    ... okay on input line 12.
LaTeX Font Info:    Checking defaults for PD1/pdf/m/n on input line 12.
LaTeX Font Info:    ... okay on input line 12.
LaTeX Font Info:    Checking defaults for PU/pdf/m/n on input line 12.
LaTeX Font Info:    ... okay on input line 12.
LaTeX Font Info:    Checking defaults for OT4/cmr/m/n on input line 12.
LaTeX Font Info:    Trying to load font information for OT4+cmr on input line 1
2.

(C:\Users\pawel\AppData\Local\Programs\MiKTeX 2.9\tex/latex/polski\ot4cmr.fd
File: ot4cmr.fd 2008/02/24 v1.2.1 Font defs for fonts PL (MW)
)
LaTeX Font Info:    ... okay on input line 12.

*geometry* driver: auto-detecting
*geometry* detected driver: pdftex
*geometry* verbose mode - [ preamble ] result:
* driver: pdftex
* paper: custom
* layout: <same size as paper>
* layoutoffset:(h,v)=(0.0pt,0.0pt)
* modes: includehead includefoot 
* h-part:(L,W,R)=(28.45274pt, 307.28987pt, 28.45274pt)
* v-part:(T,H,B)=(0.0pt, 273.14662pt, 0.0pt)
* \paperwidth=364.19536pt
* \paperheight=273.14662pt
* \textwidth=307.28987pt
* \textheight=244.6939pt
* \oddsidemargin=-43.81725pt
* \evensidemargin=-43.81725pt
* \topmargin=-72.26999pt
* \headheight=14.22636pt
* \headsep=0.0pt
* \topskip=11.0pt
* \footskip=14.22636pt
* \marginparwidth=4.0pt
* \marginparsep=10.0pt
* \columnsep=10.0pt
* \skip\footins=10.0pt plus 4.0pt minus 2.0pt
* \hoffset=0.0pt
* \voffset=0.0pt
* \mag=1000
* \@twocolumnfalse
* \@twosidefalse
* \@mparswitchfalse
* \@reversemarginfalse
* (1in=72.27pt=25.4mm, 1cm=28.453pt)


(C:\Users\pawel\AppData\Local\Programs\MiKTeX 2.9\tex/context/base/mkii\supp-pd
f.mkii
[Loading MPS to PDF converter (version 2006.09.02).]
\scratchcounter=\count335
\scratchdimen=\dimen292
\scratchbox=\box77
\nofMPsegments=\count336
\nofMParguments=\count337
\everyMPshowfont=\toks47
\MPscratchCnt=\count338
\MPscratchDim=\dimen293
\MPnumerator=\count339
\makeMPintoPDFobject=\count340
\everyMPtoPDFconversion=\toks48
)
(C:\Users\pawel\AppData\Local\Programs\MiKTeX 2.9\tex/latex/epstopdf-pkg\epstop
df-base.sty
Package: epstopdf-base 2020-01-24 v2.11 Base part for package epstopdf

(C:\Users\pawel\AppData\Local\Programs\MiKTeX 2.9\tex/latex/grfext\grfext.sty
Package: grfext 2019/12/03 v1.3 Manage graphics extensions (HO)
)
Package epstopdf-base Info: Redefining graphics rule for `.eps' on input line 4
85.
Package grfext Info: Graphics extension search list:
(grfext)             [.pdf,.png,.jpg,.mps,.jpeg,.jbig2,.jb2,.PDF,.PNG,.JPG,.JPE
G,.JBIG2,.JB2,.eps]
(grfext)             \AppendGraphicsExtensions on input line 504.

(C:\Users\pawel\AppData\Local\Programs\MiKTeX 2.9\tex/latex/00miktex\epstopdf-s
ys.cfg
File: epstopdf-sys.cfg 2021/03/18 v2.0 Configuration of epstopdf for MiKTeX
))
Package hyperref Info: Link coloring OFF on input line 12.
 (wisgie_is_m1_n_egzamin_prezentacja.out)
(wisgie_is_m1_n_egzamin_prezentacja.out)
\@outlinefile=\write5
\openout5 = `wisgie_is_m1_n_egzamin_prezentacja.out'.

LaTeX Font Info:    Encoding `OT4' has changed to `OT1' for symbol font
(Font)              `operators' in the math version `normal' on input line 12.
LaTeX Font Info:    Overwriting symbol font `operators' in version `normal'
(Font)                  OT4/cmr/m/n --> OT1/cmss/m/n on input line 12.
LaTeX Font Info:    Encoding `OT4' has changed to `OT1' for symbol font
(Font)              `operators' in the math version `bold' on input line 12.
LaTeX Font Info:    Overwriting symbol font `operators' in version `bold'
(Font)                  OT4/cmr/bx/n --> OT1/cmss/b/n on input line 12.
\symnumbers=\mathgroup6
\sympureletters=\mathgroup7
LaTeX Font Info:    Overwriting math alphabet `\mathrm' in version `normal'
(Font)                  OT1/cmss/m/n --> OT4/cmr/m/n on input line 12.
LaTeX Font Info:    Redeclaring math alphabet \mathbf on input line 12.
LaTeX Font Info:    Overwriting math alphabet `\mathbf' in version `normal'
(Font)                  OT4/cmr/bx/n --> OT4/cmss/b/n on input line 12.
LaTeX Font Info:    Overwriting math alphabet `\mathbf' in version `bold'
(Font)                  OT1/cmr/bx/n --> OT4/cmss/b/n on input line 12.
LaTeX Font Info:    Redeclaring math alphabet \mathsf on input line 12.
LaTeX Font Info:    Overwriting math alphabet `\mathsf' in version `normal'
(Font)                  OT4/cmss/m/n --> OT4/cmss/m/n on input line 12.
LaTeX Font Info:    Overwriting math alphabet `\mathsf' in version `bold'
(Font)                  OT4/cmss/bx/n --> OT4/cmss/m/n on input line 12.
LaTeX Font Info:    Redeclaring math alphabet \mathit on input line 12.
LaTeX Font Info:    Overwriting math alphabet `\mathit' in version `normal'
(Font)                  OT4/cmr/m/it --> OT4/cmss/m/it on input line 12.
LaTeX Font Info:    Overwriting math alphabet `\mathit' in version `bold'
(Font)                  OT4/cmr/bx/it --> OT4/cmss/m/it on input line 12.
LaTeX Font Info:    Redeclaring math alphabet \mathtt on input line 12.
LaTeX Font Info:    Overwriting math alphabet `\mathtt' in version `normal'
(Font)                  OT4/cmtt/m/n --> OT4/cmtt/m/n on input line 12.
LaTeX Font Info:    Overwriting math alphabet `\mathtt' in version `bold'
(Font)                  OT1/cmtt/m/n --> OT4/cmtt/m/n on input line 12.
LaTeX Font Info:    Overwriting symbol font `numbers' in version `bold'
(Font)                  OT4/cmss/m/n --> OT4/cmss/b/n on input line 12.
LaTeX Font Info:    Overwriting symbol font `pureletters' in version `bold'
(Font)                  OT4/cmss/m/it --> OT4/cmss/b/it on input line 12.
LaTeX Font Info:    Overwriting math alphabet `\mathrm' in version `bold'
(Font)                  OT1/cmss/b/n --> OT4/cmr/b/n on input line 12.
LaTeX Font Info:    Overwriting math alphabet `\mathbf' in version `bold'
(Font)                  OT4/cmss/b/n --> OT4/cmss/b/n on input line 12.
LaTeX Font Info:    Overwriting math alphabet `\mathsf' in version `bold'
(Font)                  OT4/cmss/m/n --> OT4/cmss/b/n on input line 12.
LaTeX Font Info:    Overwriting math alphabet `\mathit' in version `bold'
(Font)                  OT4/cmss/m/it --> OT4/cmss/b/it on input line 12.
LaTeX Font Info:    Overwriting math alphabet `\mathtt' in version `bold'
(Font)                  OT4/cmtt/m/n --> OT4/cmtt/b/n on input line 12.
LaTeX Font Info:    Redeclaring symbol font `pureletters' on input line 12.
LaTeX Font Info:    Encoding `OT4' has changed to `OT1' for symbol font
(Font)              `pureletters' in the math version `normal' on input line 12
.
LaTeX Font Info:    Overwriting symbol font `pureletters' in version `normal'
(Font)                  OT4/cmss/m/it --> OT1/mathkerncmss/m/sl on input line 1
2.
LaTeX Font Info:    Encoding `OT4' has changed to `OT1' for symbol font
(Font)              `pureletters' in the math version `bold' on input line 12.
LaTeX Font Info:    Overwriting symbol font `pureletters' in version `bold'
(Font)                  OT4/cmss/b/it --> OT1/mathkerncmss/m/sl on input line 1
2.
LaTeX Font Info:    Overwriting symbol font `pureletters' in version `bold'
(Font)                  OT1/mathkerncmss/m/sl --> OT1/mathkerncmss/bx/sl on inp
ut line 12.

(C:\Users\pawel\AppData\Local\Programs\MiKTeX 2.9\tex/latex/translator\translat
or-basic-dictionary-English.dict
Dictionary: translator-basic-dictionary, Language: English 
)
(C:\Users\pawel\AppData\Local\Programs\MiKTeX 2.9\tex/latex/translator\translat
or-bibliography-dictionary-English.dict
Dictionary: translator-bibliography-dictionary, Language: English 
)
(C:\Users\pawel\AppData\Local\Programs\MiKTeX 2.9\tex/latex/translator\translat
or-environment-dictionary-English.dict
Dictionary: translator-environment-dictionary, Language: English 
)
(C:\Users\pawel\AppData\Local\Programs\MiKTeX 2.9\tex/latex/translator\translat
or-months-dictionary-English.dict
Dictionary: translator-months-dictionary, Language: English 
)
(C:\Users\pawel\AppData\Local\Programs\MiKTeX 2.9\tex/latex/translator\translat
or-numbers-dictionary-English.dict
Dictionary: translator-numbers-dictionary, Language: English 
)
(C:\Users\pawel\AppData\Local\Programs\MiKTeX 2.9\tex/latex/translator\translat
or-theorem-dictionary-English.dict
Dictionary: translator-theorem-dictionary, Language: English 
) (wisgie_is_m1_n_egzamin_prezentacja.nav)
[1

{C:/Users/pawel/AppData/Local/MiKTeX/2.9/fonts/map/pdftex/pdftex.map}]
LaTeX Font Info:    Trying to load font information for OML+plm on input line 2
7.

(C:\Users\pawel\AppData\Local\Programs\MiKTeX 2.9\tex/latex/polski\omlplm.fd
File: omlplm.fd 2008/02/24 v1.2.1 Font defs for fonts PL (MW)
)
LaTeX Font Info:    Trying to load font information for OMS+plsy on input line 
27.

(C:\Users\pawel\AppData\Local\Programs\MiKTeX 2.9\tex/latex/polski\omsplsy.fd
File: omsplsy.fd 2008/02/24 v1.2.1 Font defs for fonts PL (MW)
)
LaTeX Font Info:    Trying to load font information for OMX+plex on input line 
27.

(C:\Users\pawel\AppData\Local\Programs\MiKTeX 2.9\tex/latex/polski\omxplex.fd
File: omxplex.fd 2008/02/24 v1.2.1 Font defs for fonts PL (MW)
)
LaTeX Font Info:    External font `plex10' loaded for size
(Font)              <14.4> on input line 27.
LaTeX Font Info:    External font `plex10' loaded for size
(Font)              <10> on input line 27.
LaTeX Font Info:    External font `plex10' loaded for size
(Font)              <7> on input line 27.
LaTeX Font Info:    Trying to load font information for U+msa on input line 27.


(C:\Users\pawel\AppData\Local\Programs\MiKTeX 2.9\tex/latex/amsfonts\umsa.fd
File: umsa.fd 2013/01/14 v3.01 AMS symbols A
)
LaTeX Font Info:    Trying to load font information for U+msb on input line 27.


(C:\Users\pawel\AppData\Local\Programs\MiKTeX 2.9\tex/latex/amsfonts\umsb.fd
File: umsb.fd 2013/01/14 v3.01 AMS symbols B
)
LaTeX Font Info:    Trying to load font information for OT1+mathkerncmss on inp
ut line 27.

(C:\Users\pawel\AppData\Local\Programs\MiKTeX 2.9\tex/latex/sansmathaccent\ot1m
athkerncmss.fd
File: ot1mathkerncmss.fd 2020/01/31 Fontinst v1.933 font definitions for OT1/ma
thkerncmss.
) [2

] [3

] [4

] [5

] [6

] [7

] [8

] [9

]
\tf@nav=\write6
\openout6 = `wisgie_is_m1_n_egzamin_prezentacja.nav'.

\tf@toc=\write7
\openout7 = `wisgie_is_m1_n_egzamin_prezentacja.toc'.

\tf@snm=\write8
\openout8 = `wisgie_is_m1_n_egzamin_prezentacja.snm'.


(wisgie_is_m1_n_egzamin_prezentacja.aux)
Package rerunfilecheck Info: File `wisgie_is_m1_n_egzamin_prezentacja.out' has 
not changed.
(rerunfilecheck)             Checksum: D41D8CD98F00B204E9800998ECF8427E;0.
 ) 
Here is how much of TeX's memory you used:
 22115 strings out of 478317
 442445 string characters out of 7583533
 80681372 words of memory out of 83383744
 40032 multiletter control sequences out of 15000+600000
 478815 words of font info for 56 fonts, out of 799999 for 9000
 1141 hyphenation exceptions out of 8191
 128i,15n,122p,440b,574s stack positions out of 10000i,1000n,20000p,7999999b,79999s
{C:/Users/pawel/AppData/Local/Programs/MiKTeX 2.9/fonts/enc/dvips/pl/plmi.enc
}{C:/Users/pawel/AppData/Local/Programs/MiKTeX 2.9/fonts/enc/dvips/pl/plms.enc}
{C:/Users/pawel/AppData/Local/Programs/MiKTeX 2.9/fonts/enc/dvips/pl/plme.enc}{
C:/Users/pawel/AppData/Local/Programs/MiKTeX 2.9/fonts/enc/dvips/pl/plrm.enc}<C
:/Users/pawel/AppData/Local/Programs/MiKTeX 2.9/fonts/type1/public/amsfonts/cm/
cmss10.pfb><C:/Users/pawel/AppData/Local/Programs/MiKTeX 2.9/fonts/type1/public
/amsfonts/cm/cmss12.pfb><C:/Users/pawel/AppData/Local/Programs/MiKTeX 2.9/fonts
/type1/public/amsfonts/cm/cmssi10.pfb><C:/Users/pawel/AppData/Local/Programs/Mi
KTeX 2.9/fonts/type1/public/amsfonts/cm/cmssi12.pfb><C:/Users/pawel/AppData/Loc
al/Programs/MiKTeX 2.9/fonts/type1/public/amsfonts/cm/cmssi8.pfb><C:/Users/pawe
l/AppData/Local/Programs/MiKTeX 2.9/fonts/type1/public/pl/plex10.pfb><C:/Users/
pawel/AppData/Local/Programs/MiKTeX 2.9/fonts/type1/public/pl/plmi12.pfb><C:/Us
ers/pawel/AppData/Local/Programs/MiKTeX 2.9/fonts/type1/public/pl/plss10.pfb><C
:/Users/pawel/AppData/Local/Programs/MiKTeX 2.9/fonts/type1/public/pl/plss12.pf
b><C:/Users/pawel/AppData/Local/Programs/MiKTeX 2.9/fonts/type1/public/pl/plss8
.pfb><C:/Users/pawel/AppData/Local/Programs/MiKTeX 2.9/fonts/type1/public/pl/pl
sy10.pfb>
Output written on wisgie_is_m1_n_egzamin_prezentacja.pdf (9 pages, 136494 bytes
).
PDF statistics:
 316 PDF objects out of 1000 (max. 8388607)
 19 named destinations out of 1000 (max. 500000)
 43 words of extra memory for PDF output out of 10000 (max. 10000000)

